<?xml version="1.0" encoding="UTF-8"?>
<!-- Generated by org.testng.reporters.JUnitReportReporter -->
<testsuite hostname="LAPTOP-5K836TPI" failures="0" tests="2" name="com.api.auto.testcase.TC04_GetListBoard" time="0.136" errors="0" timestamp="2023-04-19T16:56:46 ICT" skipped="0">
  <testcase classname="com.api.auto.testcase.TC04_GetListBoard" name="Verify_Status_Code" time="0.003"/>
  <system-out/>
  <testcase classname="com.api.auto.testcase.TC04_GetListBoard" name="idFirstBoard" time="0.133"/>
  <system-out/>
</testsuite> <!-- com.api.auto.testcase.TC04_GetListBoard -->
