<?xml version="1.0" encoding="UTF-8"?>
<!-- Generated by org.testng.reporters.JUnitReportReporter -->
<testsuite hostname="LAPTOP-5K836TPI" failures="0" tests="2" name="com.api.auto.testcase.TC07_GetListBoard" time="0.010" errors="0" timestamp="2023-04-20T18:52:38 ICT" skipped="0">
  <testcase classname="com.api.auto.testcase.TC07_GetListBoard" name="idFirstBoard" time="0.007"/>
  <system-out/>
  <testcase classname="com.api.auto.testcase.TC07_GetListBoard" name="Verify_Status_Code" time="0.003"/>
  <system-out/>
</testsuite> <!-- com.api.auto.testcase.TC07_GetListBoard -->
