<?xml version="1.0" encoding="UTF-8"?>
<!-- Generated by org.testng.reporters.JUnitReportReporter -->
<testsuite hostname="LAPTOP-5K836TPI" failures="0" tests="1" name="com.api.auto.testcase.TC01" time="0.035" errors="0" timestamp="2023-04-18T23:17:22 ICT" skipped="0">
  <testcase classname="com.api.auto.testcase.TC01" name="TC01" time="0.035"/>
  <system-out/>
</testsuite> <!-- com.api.auto.testcase.TC01 -->
