<?xml version="1.0" encoding="UTF-8"?>
<!-- Generated by org.testng.reporters.JUnitReportReporter -->
<testsuite hostname="LAPTOP-5K836TPI" failures="0" tests="1" name="com.api.auto.testcase.test1" time="0.097" errors="0" timestamp="2023-04-19T16:48:29 ICT" skipped="0">
  <testcase classname="com.api.auto.testcase.test1" name="name" time="0.097"/>
  <system-out/>
</testsuite> <!-- com.api.auto.testcase.test1 -->
