<?xml version="1.0" encoding="UTF-8"?>
<!-- Generated by org.testng.reporters.JUnitReportReporter -->
<testsuite hostname="LAPTOP-5K836TPI" failures="0" tests="3" name="com.api.auto.testcase.TC01_TaoBoard" time="0.748" errors="0" timestamp="2023-04-20T18:52:38 ICT" skipped="0">
  <testcase classname="com.api.auto.testcase.TC01_TaoBoard" name="idBoard_existed" time="0.084"/>
  <system-out/>
  <testcase classname="com.api.auto.testcase.TC01_TaoBoard" name="Verify_Status_Code" time="0.001"/>
  <system-out/>
  <testcase classname="com.api.auto.testcase.TC01_TaoBoard" name="Verify_NameBoard" time="0.663"/>
  <system-out/>
</testsuite> <!-- com.api.auto.testcase.TC01_TaoBoard -->
