<?xml version="1.0" encoding="UTF-8"?>
<!-- Generated by org.testng.reporters.JUnitReportReporter -->
<testsuite hostname="LAPTOP-5K836TPI" failures="0" tests="3" name="com.api.auto.testcase.TC02_TaoList" time="0.062" errors="0" timestamp="2023-04-20T18:52:38 ICT" skipped="0">
  <testcase classname="com.api.auto.testcase.TC02_TaoList" name="idList_existed" time="0.029"/>
  <system-out/>
  <testcase classname="com.api.auto.testcase.TC02_TaoList" name="Verify_NameList" time="0.031"/>
  <system-out/>
  <testcase classname="com.api.auto.testcase.TC02_TaoList" name="Verify_Status_Code" time="0.002"/>
  <system-out/>
</testsuite> <!-- com.api.auto.testcase.TC02_TaoList -->
